2022-07-15 10:15:05.128  INFO 6508 --- [restartedMain] c.w.b.BibliotecaApiApplication           : Starting BibliotecaApiApplication using Java 11.0.15 on DESKTOP-IDQQE9F with PID 6508 (C:\Users\hazen\Documents\GitHub\biblioteca-api\target\classes started by hazen in C:\Users\hazen\Documents\GitHub\biblioteca-api)
2022-07-15 10:15:05.130  INFO 6508 --- [restartedMain] c.w.b.BibliotecaApiApplication           : No active profile set, falling back to default profiles: default
2022-07-15 10:15:05.167  INFO 6508 --- [restartedMain] .e.DevToolsPropertyDefaultsPostProcessor : Devtools property defaults active! Set 'spring.devtools.add-properties' to 'false' to disable
2022-07-15 10:15:05.167  INFO 6508 --- [restartedMain] .e.DevToolsPropertyDefaultsPostProcessor : For additional web related logging consider setting the 'logging.level.web' property to 'DEBUG'
2022-07-15 10:15:06.034  INFO 6508 --- [restartedMain] .s.d.r.c.RepositoryConfigurationDelegate : Bootstrapping Spring Data JPA repositories in DEFAULT mode.
2022-07-15 10:15:06.085  INFO 6508 --- [restartedMain] .s.d.r.c.RepositoryConfigurationDelegate : Finished Spring Data repository scanning in 45 ms. Found 2 JPA repository interfaces.
2022-07-15 10:15:06.510  INFO 6508 --- [restartedMain] o.s.b.w.embedded.tomcat.TomcatWebServer  : Tomcat initialized with port(s): 8080 (http)
2022-07-15 10:15:06.516  INFO 6508 --- [restartedMain] o.apache.catalina.core.StandardService   : Starting service [Tomcat]
2022-07-15 10:15:06.516  INFO 6508 --- [restartedMain] org.apache.catalina.core.StandardEngine  : Starting Servlet engine: [Apache Tomcat/9.0.52]
2022-07-15 10:15:06.586  INFO 6508 --- [restartedMain] o.a.c.c.C.[Tomcat].[localhost].[/]       : Initializing Spring embedded WebApplicationContext
2022-07-15 10:15:06.586  INFO 6508 --- [restartedMain] w.s.c.ServletWebServerApplicationContext : Root WebApplicationContext: initialization completed in 1418 ms
2022-07-15 10:15:06.655  INFO 6508 --- [restartedMain] com.zaxxer.hikari.HikariDataSource       : HikariPool-1 - Starting...
2022-07-15 10:15:06.725  INFO 6508 --- [restartedMain] com.zaxxer.hikari.HikariDataSource       : HikariPool-1 - Start completed.
2022-07-15 10:15:06.728  INFO 6508 --- [restartedMain] o.s.b.a.h2.H2ConsoleAutoConfiguration    : H2 console available at '/h2-console'. Database available at 'jdbc:h2:mem:12ff10a2-1170-4b4d-b1d9-caba82998b80'
2022-07-15 10:15:06.823  INFO 6508 --- [restartedMain] o.hibernate.jpa.internal.util.LogHelper  : HHH000204: Processing PersistenceUnitInfo [name: default]
2022-07-15 10:15:06.852  INFO 6508 --- [restartedMain] org.hibernate.Version                    : HHH000412: Hibernate ORM core version 5.4.32.Final
2022-07-15 10:15:06.918  INFO 6508 --- [restartedMain] o.hibernate.annotations.common.Version   : HCANN000001: Hibernate Commons Annotations {5.1.2.Final}
2022-07-15 10:15:06.982  INFO 6508 --- [restartedMain] org.hibernate.dialect.Dialect            : HHH000400: Using dialect: org.hibernate.dialect.H2Dialect
2022-07-15 10:15:07.367  INFO 6508 --- [restartedMain] o.h.e.t.j.p.i.JtaPlatformInitiator       : HHH000490: Using JtaPlatform implementation: [org.hibernate.engine.transaction.jta.platform.internal.NoJtaPlatform]
2022-07-15 10:15:07.373  INFO 6508 --- [restartedMain] j.LocalContainerEntityManagerFactoryBean : Initialized JPA EntityManagerFactory for persistence unit 'default'
2022-07-15 10:15:07.851  WARN 6508 --- [restartedMain] JpaBaseConfiguration$JpaWebConfiguration : spring.jpa.open-in-view is enabled by default. Therefore, database queries may be performed during view rendering. Explicitly configure spring.jpa.open-in-view to disable this warning
2022-07-15 10:15:07.983  INFO 6508 --- [restartedMain] o.s.b.a.e.web.EndpointLinksResolver      : Exposing 14 endpoint(s) beneath base path '/actuator'
2022-07-15 10:15:08.096  INFO 6508 --- [restartedMain] o.s.b.d.a.OptionalLiveReloadServer       : LiveReload server is running on port 35729
2022-07-15 10:15:08.265  INFO 6508 --- [restartedMain] o.s.b.w.embedded.tomcat.TomcatWebServer  : Tomcat started on port(s): 8080 (http) with context path ''
2022-07-15 10:15:08.479  INFO 6508 --- [restartedMain] c.w.b.BibliotecaApiApplication           : Started BibliotecaApiApplication in 3.659 seconds (JVM running for 4.32)
2022-07-15 10:15:09.047  INFO 6508 --- [RMI TCP Connection(3)-192.168.1.4] o.a.c.c.C.[Tomcat].[localhost].[/]       : Initializing Spring DispatcherServlet 'dispatcherServlet'
2022-07-15 10:15:09.048  INFO 6508 --- [RMI TCP Connection(3)-192.168.1.4] o.s.web.servlet.DispatcherServlet        : Initializing Servlet 'dispatcherServlet'
2022-07-15 10:15:09.049  INFO 6508 --- [RMI TCP Connection(3)-192.168.1.4] o.s.web.servlet.DispatcherServlet        : Completed initialization in 1 ms
2022-07-15 15:30:34.620  INFO 6508 --- [SpringApplicationShutdownHook] j.LocalContainerEntityManagerFactoryBean : Closing JPA EntityManagerFactory for persistence unit 'default'
2022-07-15 15:30:34.626  INFO 6508 --- [SpringApplicationShutdownHook] .SchemaDropperImpl$DelayedDropActionImpl : HHH000477: Starting delayed evictData of schema as part of SessionFactory shut-down'
2022-07-15 15:30:34.871  WARN 6508 --- [SpringApplicationShutdownHook] o.s.b.f.support.DisposableBeanAdapter    : Invocation of destroy method failed on bean with name 'inMemoryDatabaseShutdownExecutor': org.h2.jdbc.JdbcSQLNonTransientConnectionException: Database is already closed (to disable automatic closing at VM shutdown, add ";DB_CLOSE_ON_EXIT=FALSE" to the db URL) [90121-200]
2022-07-15 15:30:34.872  INFO 6508 --- [SpringApplicationShutdownHook] com.zaxxer.hikari.HikariDataSource       : HikariPool-1 - Shutdown initiated...
2022-07-15 15:30:34.875  INFO 6508 --- [SpringApplicationShutdownHook] com.zaxxer.hikari.HikariDataSource       : HikariPool-1 - Shutdown completed.
